rj@RiJoshin ~/p/i/ai_basis (LJX) [1]> /home/rj/.conda/envs/Camel/bin/python /home/rj/playground/inclass-FAI_hw/ai_basis/part_3/modules/facade.py                  (Camel) 
BLACK './out/Comprehensive_Market_And_Competitor_Intelligence_Report.txt' read None True
BLACK './out/Detailed_Target_Audience_Persona_Portfolie.txt' read None True
/home/rj/.conda/envs/Camel/lib/python3.12/site-packages/camel/toolkits/function_tool.py:461: UserWarning: Parameter description is missing for {'enum': ['searchResults', 'sourcedAnswer', 'structured'], 'type': 'string'}. This may affect the quality of tool calling.
  warnings.warn(
/home/rj/.conda/envs/Camel/lib/python3.12/site-packages/camel/toolkits/function_tool.py:461: UserWarning: Parameter description is missing for {'enum': ['OneDay', 'OneWeek', 'OneMonth', 'OneYear', 'NoLimit'], 'type': 'string'}. This may affect the quality of tool calling.
  warnings.warn(
/home/rj/.conda/envs/Camel/lib/python3.12/site-packages/camel/toolkits/function_tool.py:461: UserWarning: Parameter description is missing for {'anyOf': [{'enum': ['finance', 'law', 'medical', 'internet', 'tax', 'news_province', 'news_center'], 'type': 'string'}, {'type': 'null'}]}. This may affect the quality of tool calling.
  warnings.warn(
开始执行EcoGarden VI设计团队设计项目...
Worker node 140408231753536 (市场研究员 - 负责收集行业趋势、竞品分析和消费者洞察) get task vi_design_visystem.0: 1. **市场研究员 (<140408231753536>):**  Analyze current industry visual trends, competitor strategies (especially in the skincare/beauty sector), and consumer insights relevant to VISystem's target audience (tech enthusiasts and environmentally conscious consumers). Focus on trends within social media platforms like Xiaohongshu and Douyin.  Specifically, identify visual cues and styles that resonate with "科技成分党林薇" and "环保先锋陈雅."
======
Reply from Worker node 140408231753536 (市场研究员 - 负责收集行业趋势、竞品分析和消费者洞察):

{
  "industry_visual_trends": {
    "social_media_platforms": {
      "xiaohongshu": {
        "trends": [
          "'成分党' content with detailed ingredient breakdowns and scientific explanations, often presented in visually appealing infographics or short videos.",
          "'早C晚A' routines visually demonstrated with product placement and application techniques.",
          "'素颜' or '伪素颜' makeup looks emphasizing natural beauty and minimal product usage.",
          "'国潮' beauty products with traditional Chinese aesthetics in packaging and marketing.",
          "ASMR skincare routines with close-up shots and gentle sounds."
        ],
        "visual_cues": [
          "Clean, minimalist aesthetics.",
          "Laboratory-like settings with beakers and test tubes.",
          "Before-and-after photos with clear skin improvements.",
          "Detailed product close-ups showcasing textures and ingredients.",
          "Use of scientific terms and data visualizations."
        ]
      },
      "douyin": {
        "trends": [
          "Fast-paced skincare tutorials and product reviews.",
          "Transformation videos showcasing dramatic skincare results.",
          "Duets and challenges related to skincare routines and products.",
          "Live streaming product demonstrations and Q&A sessions with skincare experts.",
          "Humorous and relatable content about common skincare problems."
        ],
        "visual_cues": [
          "High-energy editing and music.",
          "Use of trending filters and special effects.",
          "Bold text overlays and annotations.",
          "Celebrity endorsements and influencer collaborations.",
          "Interactive elements like polls and quizzes."
        ]
      }
    },
    "general_trends": [
      "Emphasis on scientific backing and clinical trials.",
      "Transparency in ingredient sourcing and formulation.",
      "Sustainability and eco-friendly packaging.",
      "Personalized skincare solutions based on individual skin types and concerns.",
      "Inclusivity and representation of diverse skin tones and ethnicities."
    ]
  },
  "competitor_strategies": {
    "key_players": [
      "至本 (chizubon): Focuses on skin barrier repair and uses scientific language.",
      "薇诺娜 (Winona): Targets sensitive skin with plant-based ingredients.",
      "Haa: Leverages aromatherapy and natural ingredients with a focus on sustainability.",
      "Lush: Emphasizes ethical sourcing, zero waste, and handmade products."
    ],
    "visual_strategy_analysis": {
      "至本": "Minimalist design, clinical imagery, scientific data presentation, before-and-after photos.",
      "薇诺娜": "Natural imagery, gentle color palettes, focus on plant extracts, dermatological endorsements.",
      "Haa": "Earthy tones, natural textures, focus on aromatherapy and emotional well-being, eco-friendly packaging visuals.",
      "Lush": "Bright colors, playful designs, focus on product ingredients and manufacturing processes, emphasis on ethical sourcing and sustainability."
    },
     "strengths_weaknesses":{
        "至本":{"strengths":"Clear scientific communication, builds trust with '成分党'","weaknesses":"May appear sterile or unappealing to consumers seeking emotional connection"},
        "薇诺娜":{"strengths":"Strong brand recognition for sensitive skin, appeals to health-conscious consumers","weaknesses":"Can be perceived as overly clinical or lacking in innovation"},
        "Haa":{"strengths":"Appeals to consumers seeking holistic wellness, strong focus on sustainability","weaknesses":"May not resonate with consumers prioritizing efficacy over natural ingredients"},
        "Lush":{"strengths":"Strong brand identity, passionate customer base, commitment to ethical and environmental practices","weaknesses":"Products can be messy, strong scents may not appeal to everyone"}
      }
  },
  "consumer_insights": {
    "persona_科技成分党林薇": {
      "visual_preferences": [
        "Data-driven infographics explaining product efficacy.",
        "Laboratory-like settings showcasing product development.",
        "Detailed ingredient lists and scientific explanations.",
        "Before-and-after photos with measurable results.",
        "Reviews from dermatologists and skincare experts."
      ],
      "keywords": ["成分", "功效", "科学", "数据", "实验室", "实测", "浓度", "配方", "ORAC值"] 
    },
    "persona_环保先锋陈雅": {
      "visual_preferences": [
        "Images of sustainable packaging and ethical sourcing.",
        "Visualizations of carbon footprint reduction.",
        "Content highlighting natural and organic ingredients.",
        "Images of eco-friendly manufacturing processes.",
        "Reviews from environmental organizations and influencers."
      ],
      "keywords": ["环保", "可持续", "零浪费", "碳足迹", "有机", "天然", "道德", "生态", "减碳量"]
    }
  },
  "market_opportunities": [
    "Combining scientific efficacy with sustainable practices.",
    "Creating visually engaging content that educates consumers about both ingredients and environmental impact.",
    "Developing personalized skincare solutions with transparent ingredient sourcing and carbon footprint tracking.",
    "Leveraging AR technology to provide immersive experiences that showcase product benefits and sustainability efforts.",
    "Collaborating with influencers and experts who align with both the '成分党' and '环保先锋' values."
  ]
}
======Worker node 140408231748592 (品牌识别设计师 - 负责品牌标识、色彩和字体系统设计) get task vi_design_visystem.1: 2. **品牌识别设计师 (<140408231748592>):** Evaluate and redesign VISystem's brand identity, including logo, color palette, and typography. The design should be modern, minimalist, and reflect the brand's values (potentially related to technology and/or sustainability). Develop a comprehensive brand style guide.
======
Reply from Worker node 140408231748592 (品牌识别设计师 - 负责品牌标识、色彩和字体系统设计):

**VISystem Brand Identity Redesign and Evaluation**

Based on the provided market research and target audience personas (科技成分党林薇 and 环保先锋陈雅), here's an evaluation and redesign proposal for VISystem's brand identity:

**1. Logo:**

*   **Current State (Assuming):**  Without knowing the current logo, I'll assume it needs updating to reflect the brand values.
*   **Redesign Proposal:** A minimalist logo that combines elements representing technology and sustainability. Examples:
    *   A stylized leaf incorporating a circuit board pattern.
    *   Interlocking geometric shapes representing scientific precision and environmental harmony.
    *   A clean, modern typeface with a subtle gradient reflecting both technological advancement and natural elements.
*   **Color Palette Integration:** The logo should seamlessly integrate with the proposed color palette (see below).
*   **Versatility:**  The logo should be adaptable for various applications (website, packaging, social media) and in different sizes without losing clarity.
*   **Rationale:** The logo must communicate both technological innovation and environmental responsibility to resonate with both target personas.
*   **Score (Initial):** 2/5 (Needs visual examples and further refinement based on client feedback).

**2. Color Palette:**

*   **Evaluation of Existing Palette (Assuming):**  A modern brand requires a thoughtful color palette that resonates with the target audience.
*   **Redesign Proposal:**
    *   **Primary Colors:**
        *   A muted teal or seafoam green (#43A047 or #66BB6A): Represents sustainability, nature, and calmness (appeals to 陈雅).
        *   A clean, light grey or off-white (#F5F5F5 or #EEEEEE): Represents technology, cleanliness, and scientific precision (appeals to 林薇).
    *   **Secondary/Accent Colors:**
        *   A vibrant, but not overwhelming, electric blue (#2962FF) or cyan (#00BCD4): Represents innovation, energy, and data (appeals to 林薇).
        *   A warm, earthy tone like terracotta (#E07A5F) or ochre (#C69963): Represents natural materials, organic processes, and connection to the earth (appeals to 陈雅).
*   **Color Usage:** The primary colors should dominate the visual identity, with the secondary colors used sparingly to highlight key information or create visual interest.
*   **Accessibility:** Ensure sufficient color contrast for readability, especially for text.
*   **Rationale:** The color palette aims to balance the scientific/technological aspect with the environmental/sustainable aspect, creating a harmonious and trustworthy brand image.
*   **Score:** 4/5 (Well-balanced, but needs client approval based on specific color shades).

**3. Typography:**

*   **Evaluation of Existing Typography (Assuming):**  A modern and readable font is crucial for conveying information effectively.
*   **Redesign Proposal:**
    *   **Headings:** A clean, geometric sans-serif font like Montserrat, Lato, or Open Sans. These fonts are modern, readable, and convey a sense of clarity and precision.
    *   **Body Copy:** A highly readable sans-serif font like Roboto, Noto Sans, or Open Sans. These fonts are designed for readability on screens and in print.
    *   **Font Pairing:** The heading and body fonts should complement each other and create a visual hierarchy.
*   **Font Weights:** Use a range of font weights (light, regular, bold) to emphasize key information and create visual interest.
*   **Rationale:** The typography should be modern, clean, and highly readable, reflecting the brand's commitment to clarity and scientific accuracy. The choice of sans-serif fonts reinforces the technological aspect, while the overall readability appeals to a broad audience.
*   **Score:** 4/5 (Solid choices, but specific font pairings need to be tested and refined).

**4. Brand Style Guide:**

A comprehensive brand style guide is essential for maintaining consistency across all visual communications. It should include:

*   **Logo Usage:** Clear guidelines on logo size, placement, and variations (e.g., color vs. black and white).
*   **Color Palette:** Specific color codes (HEX, RGB, CMYK) for all brand colors.
*   **Typography:** Detailed specifications for heading and body fonts, including font weights, sizes, and line heights.
*   **Imagery:** Guidelines on the style and tone of imagery to be used in marketing materials (e.g., scientific imagery, natural landscapes, product photography).
*   **Visual Elements:** Rules for the use of any other visual elements, such as icons, patterns, or illustrations.
*   **Tone of Voice:** Guidelines on the brand's written communication style (e.g., scientific, informative, friendly, sustainable).
*   **Examples:** Real-world examples of how the brand identity should be applied in different contexts (e.g., website, social media, packaging).

**5. Visual Elements & Imagery:**

*   **Imagery Style:** Should blend scientific precision with natural beauty. Examples include:
    *   Close-up shots of ingredients with scientific annotations.
    *   Laboratory settings with eco-friendly equipment.
    *   Images of sustainable packaging and ethical sourcing.
    *   Data visualizations presented in an aesthetically pleasing way.
*   **Icons:** Use simple, clean icons to represent key features or benefits of the products. These icons should align with the overall minimalist aesthetic.

**Overall Assessment:**

This redesign proposal aims to create a brand identity that effectively communicates VISystem's values to its target audience. By balancing technological innovation with environmental responsibility, the brand can appeal to both 科技成分党林薇 and 环保先锋陈雅.

**Next Steps:**

*   Develop visual mockups of the logo, color palette, and typography in various applications.
*   Gather feedback from the client and target audience on the proposed designs.
*   Refine the brand identity based on feedback.
*   Create a comprehensive brand style guide.

======Worker node 140408231746432 (数字媒体设计师 - 负责数字平台视觉设计和用户界面优化) get task vi_design_visystem.2: 3. **数字媒体设计师 (<140408231746432>):** Analyze the suitability of the current visual system for digital platforms, particularly Xiaohongshu and Douyin. Design or adapt the UI/UX to be visually appealing and user-friendly on these platforms, considering the preferences of the target audience. Ensure cross-platform consistency.
2025-06-22 21:53:35,824 - camel.models.model_manager - ERROR - Error processing with model: <camel.models.gemini_model.GeminiModel object at 0x7fb35b7cd700>
2025-06-22 21:53:35,824 - camel.agents.chat_agent - ERROR - An error occurred while running model gemini-2.0-flash-exp, index: 0
Traceback (most recent call last):
  File "/home/rj/.conda/envs/Camel/lib/python3.12/site-packages/httpx/_transports/default.py", line 101, in map_httpcore_exceptions
    yield
  File "/home/rj/.conda/envs/Camel/lib/python3.12/site-packages/httpx/_transports/default.py", line 394, in handle_async_request
    resp = await self._pool.handle_async_request(req)
           ^^^^^^^^^^^^^^^^^^^^^^^^^^^^^^^^^^^^^^^^^^
  File "/home/rj/.conda/envs/Camel/lib/python3.12/site-packages/httpcore/_async/connection_pool.py", line 256, in handle_async_request
    raise exc from None
  File "/home/rj/.conda/envs/Camel/lib/python3.12/site-packages/httpcore/_async/connection_pool.py", line 236, in handle_async_request
    response = await connection.handle_async_request(
               ^^^^^^^^^^^^^^^^^^^^^^^^^^^^^^^^^^^^^^
  File "/home/rj/.conda/envs/Camel/lib/python3.12/site-packages/httpcore/_async/connection.py", line 101, in handle_async_request
    raise exc
  File "/home/rj/.conda/envs/Camel/lib/python3.12/site-packages/httpcore/_async/connection.py", line 78, in handle_async_request
    stream = await self._connect(request)
             ^^^^^^^^^^^^^^^^^^^^^^^^^^^^
  File "/home/rj/.conda/envs/Camel/lib/python3.12/site-packages/httpcore/_async/connection.py", line 156, in _connect
    stream = await stream.start_tls(**kwargs)
             ^^^^^^^^^^^^^^^^^^^^^^^^^^^^^^^^
  File "/home/rj/.conda/envs/Camel/lib/python3.12/site-packages/httpcore/_backends/anyio.py", line 67, in start_tls
    with map_exceptions(exc_map):
         ^^^^^^^^^^^^^^^^^^^^^^^
  File "/home/rj/.conda/envs/Camel/lib/python3.12/contextlib.py", line 158, in __exit__
    self.gen.throw(value)
  File "/home/rj/.conda/envs/Camel/lib/python3.12/site-packages/httpcore/_exceptions.py", line 14, in map_exceptions
    raise to_exc(exc) from exc
httpcore.ConnectError

The above exception was the direct cause of the following exception:

Traceback (most recent call last):
  File "/home/rj/.conda/envs/Camel/lib/python3.12/site-packages/openai/_base_client.py", line 1484, in request
    response = await self._client.send(
               ^^^^^^^^^^^^^^^^^^^^^^^^
  File "/home/rj/.conda/envs/Camel/lib/python3.12/site-packages/httpx/_client.py", line 1629, in send
    response = await self._send_handling_auth(
               ^^^^^^^^^^^^^^^^^^^^^^^^^^^^^^^
  File "/home/rj/.conda/envs/Camel/lib/python3.12/site-packages/httpx/_client.py", line 1657, in _send_handling_auth
    response = await self._send_handling_redirects(
               ^^^^^^^^^^^^^^^^^^^^^^^^^^^^^^^^^^^^
  File "/home/rj/.conda/envs/Camel/lib/python3.12/site-packages/httpx/_client.py", line 1694, in _send_handling_redirects
    response = await self._send_single_request(request)
               ^^^^^^^^^^^^^^^^^^^^^^^^^^^^^^^^^^^^^^^^
  File "/home/rj/.conda/envs/Camel/lib/python3.12/site-packages/httpx/_client.py", line 1730, in _send_single_request
    response = await transport.handle_async_request(request)
               ^^^^^^^^^^^^^^^^^^^^^^^^^^^^^^^^^^^^^^^^^^^^^
  File "/home/rj/.conda/envs/Camel/lib/python3.12/site-packages/httpx/_transports/default.py", line 393, in handle_async_request
    with map_httpcore_exceptions():
         ^^^^^^^^^^^^^^^^^^^^^^^^^
  File "/home/rj/.conda/envs/Camel/lib/python3.12/contextlib.py", line 158, in __exit__
    self.gen.throw(value)
  File "/home/rj/.conda/envs/Camel/lib/python3.12/site-packages/httpx/_transports/default.py", line 118, in map_httpcore_exceptions
    raise mapped_exc(message) from exc
httpx.ConnectError

The above exception was the direct cause of the following exception:

Traceback (most recent call last):
  File "/home/rj/.conda/envs/Camel/lib/python3.12/site-packages/camel/agents/chat_agent.py", line 1013, in _aget_model_response
    response = await self.model_backend.arun(
               ^^^^^^^^^^^^^^^^^^^^^^^^^^^^^^
  File "/home/rj/.conda/envs/Camel/lib/python3.12/site-packages/camel/models/model_manager.py", line 265, in arun
    raise exc
  File "/home/rj/.conda/envs/Camel/lib/python3.12/site-packages/camel/models/model_manager.py", line 253, in arun
    response = await self.current_model.arun(
               ^^^^^^^^^^^^^^^^^^^^^^^^^^^^^^
  File "/home/rj/.conda/envs/Camel/lib/python3.12/site-packages/camel/models/base_model.py", line 307, in arun
    return await self._arun(messages, response_format, tools)
           ^^^^^^^^^^^^^^^^^^^^^^^^^^^^^^^^^^^^^^^^^^^^^^^^^^
  File "/home/rj/.conda/envs/Camel/lib/python3.12/site-packages/camel/models/gemini_model.py", line 168, in _arun
    return await self._arequest_parse(messages, response_format)
           ^^^^^^^^^^^^^^^^^^^^^^^^^^^^^^^^^^^^^^^^^^^^^^^^^^^^^
  File "/home/rj/.conda/envs/Camel/lib/python3.12/site-packages/camel/models/openai_compatible_model.py", line 235, in _arequest_parse
    return await self._async_client.beta.chat.completions.parse(
           ^^^^^^^^^^^^^^^^^^^^^^^^^^^^^^^^^^^^^^^^^^^^^^^^^^^^^
  File "/home/rj/.conda/envs/Camel/lib/python3.12/site-packages/openai/resources/beta/chat/completions.py", line 437, in parse
    return await self._post(
           ^^^^^^^^^^^^^^^^^
  File "/home/rj/.conda/envs/Camel/lib/python3.12/site-packages/openai/_base_client.py", line 1742, in post
    return await self.request(cast_to, opts, stream=stream, stream_cls=stream_cls)
           ^^^^^^^^^^^^^^^^^^^^^^^^^^^^^^^^^^^^^^^^^^^^^^^^^^^^^^^^^^^^^^^^^^^^^^^
  File "/home/rj/.conda/envs/Camel/lib/python3.12/site-packages/openai/_base_client.py", line 1516, in request
    raise APIConnectionError(request=request) from err
openai.APIConnectionError: Connection error.
Error occurred while processing task vi_design_visystem.2:
Unable to process messages: the only provided model did not run successfully. Error: Connection error.
2025-06-22 21:53:59,207 - camel.models.model_manager - ERROR - Error processing with model: <camel.models.gemini_model.GeminiModel object at 0x7fb35b7cd700>
2025-06-22 21:53:59,208 - camel.agents.chat_agent - ERROR - An error occurred while running model gemini-2.0-flash-exp, index: 0
Traceback (most recent call last):
  File "/home/rj/.conda/envs/Camel/lib/python3.12/site-packages/httpx/_transports/default.py", line 101, in map_httpcore_exceptions
    yield
  File "/home/rj/.conda/envs/Camel/lib/python3.12/site-packages/httpx/_transports/default.py", line 250, in handle_request
    resp = self._pool.handle_request(req)
           ^^^^^^^^^^^^^^^^^^^^^^^^^^^^^^
  File "/home/rj/.conda/envs/Camel/lib/python3.12/site-packages/httpcore/_sync/connection_pool.py", line 256, in handle_request
    raise exc from None
  File "/home/rj/.conda/envs/Camel/lib/python3.12/site-packages/httpcore/_sync/connection_pool.py", line 236, in handle_request
    response = connection.handle_request(
               ^^^^^^^^^^^^^^^^^^^^^^^^^^
  File "/home/rj/.conda/envs/Camel/lib/python3.12/site-packages/httpcore/_sync/connection.py", line 101, in handle_request
    raise exc
  File "/home/rj/.conda/envs/Camel/lib/python3.12/site-packages/httpcore/_sync/connection.py", line 78, in handle_request
    stream = self._connect(request)
             ^^^^^^^^^^^^^^^^^^^^^^
  File "/home/rj/.conda/envs/Camel/lib/python3.12/site-packages/httpcore/_sync/connection.py", line 156, in _connect
    stream = stream.start_tls(**kwargs)
             ^^^^^^^^^^^^^^^^^^^^^^^^^^
  File "/home/rj/.conda/envs/Camel/lib/python3.12/site-packages/httpcore/_backends/sync.py", line 154, in start_tls
    with map_exceptions(exc_map):
         ^^^^^^^^^^^^^^^^^^^^^^^
  File "/home/rj/.conda/envs/Camel/lib/python3.12/contextlib.py", line 158, in __exit__
    self.gen.throw(value)
  File "/home/rj/.conda/envs/Camel/lib/python3.12/site-packages/httpcore/_exceptions.py", line 14, in map_exceptions
    raise to_exc(exc) from exc
httpcore.ConnectError: [Errno 104] Connection reset by peer

The above exception was the direct cause of the following exception:

Traceback (most recent call last):
  File "/home/rj/.conda/envs/Camel/lib/python3.12/site-packages/openai/_base_client.py", line 969, in request
    response = self._client.send(
               ^^^^^^^^^^^^^^^^^^
  File "/home/rj/.conda/envs/Camel/lib/python3.12/site-packages/httpx/_client.py", line 914, in send
    response = self._send_handling_auth(
               ^^^^^^^^^^^^^^^^^^^^^^^^^
  File "/home/rj/.conda/envs/Camel/lib/python3.12/site-packages/httpx/_client.py", line 942, in _send_handling_auth
    response = self._send_handling_redirects(
               ^^^^^^^^^^^^^^^^^^^^^^^^^^^^^^
  File "/home/rj/.conda/envs/Camel/lib/python3.12/site-packages/httpx/_client.py", line 979, in _send_handling_redirects
    response = self._send_single_request(request)
               ^^^^^^^^^^^^^^^^^^^^^^^^^^^^^^^^^^
  File "/home/rj/.conda/envs/Camel/lib/python3.12/site-packages/httpx/_client.py", line 1014, in _send_single_request
    response = transport.handle_request(request)
               ^^^^^^^^^^^^^^^^^^^^^^^^^^^^^^^^^
  File "/home/rj/.conda/envs/Camel/lib/python3.12/site-packages/httpx/_transports/default.py", line 249, in handle_request
    with map_httpcore_exceptions():
         ^^^^^^^^^^^^^^^^^^^^^^^^^
  File "/home/rj/.conda/envs/Camel/lib/python3.12/contextlib.py", line 158, in __exit__
    self.gen.throw(value)
  File "/home/rj/.conda/envs/Camel/lib/python3.12/site-packages/httpx/_transports/default.py", line 118, in map_httpcore_exceptions
    raise mapped_exc(message) from exc
httpx.ConnectError: [Errno 104] Connection reset by peer

The above exception was the direct cause of the following exception:

Traceback (most recent call last):
  File "/home/rj/.conda/envs/Camel/lib/python3.12/site-packages/camel/agents/chat_agent.py", line 965, in _get_model_response
    response = self.model_backend.run(
               ^^^^^^^^^^^^^^^^^^^^^^^
  File "/home/rj/.conda/envs/Camel/lib/python3.12/site-packages/camel/models/model_manager.py", line 226, in run
    raise exc
  File "/home/rj/.conda/envs/Camel/lib/python3.12/site-packages/camel/models/model_manager.py", line 216, in run
    response = self.current_model.run(messages, response_format, tools)
               ^^^^^^^^^^^^^^^^^^^^^^^^^^^^^^^^^^^^^^^^^^^^^^^^^^^^^^^^
  File "/home/rj/.conda/envs/Camel/lib/python3.12/site-packages/camel/models/base_model.py", line 50, in wrapped_run
    return original_run(self, messages, *args, **kwargs)
           ^^^^^^^^^^^^^^^^^^^^^^^^^^^^^^^^^^^^^^^^^^^^^
  File "/home/rj/.conda/envs/Camel/lib/python3.12/site-packages/camel/models/base_model.py", line 278, in run
    return self._run(messages, response_format, tools)
           ^^^^^^^^^^^^^^^^^^^^^^^^^^^^^^^^^^^^^^^^^^^
  File "/home/rj/.conda/envs/Camel/lib/python3.12/site-packages/camel/models/gemini_model.py", line 135, in _run
    return self._request_chat_completion(messages, tools)
           ^^^^^^^^^^^^^^^^^^^^^^^^^^^^^^^^^^^^^^^^^^^^^^
  File "/home/rj/.conda/envs/Camel/lib/python3.12/site-packages/camel/models/gemini_model.py", line 206, in _request_chat_completion
    return self._client.chat.completions.create(
           ^^^^^^^^^^^^^^^^^^^^^^^^^^^^^^^^^^^^^
  File "/home/rj/.conda/envs/Camel/lib/python3.12/site-packages/openai/_utils/_utils.py", line 287, in wrapper
    return func(*args, **kwargs)
           ^^^^^^^^^^^^^^^^^^^^^
  File "/home/rj/.conda/envs/Camel/lib/python3.12/site-packages/openai/resources/chat/completions/completions.py", line 925, in create
    return self._post(
           ^^^^^^^^^^^
  File "/home/rj/.conda/envs/Camel/lib/python3.12/site-packages/openai/_base_client.py", line 1239, in post
    return cast(ResponseT, self.request(cast_to, opts, stream=stream, stream_cls=stream_cls))
                           ^^^^^^^^^^^^^^^^^^^^^^^^^^^^^^^^^^^^^^^^^^^^^^^^^^^^^^^^^^^^^^^^^
  File "/home/rj/.conda/envs/Camel/lib/python3.12/site-packages/openai/_base_client.py", line 1001, in request
    raise APIConnectionError(request=request) from err
openai.APIConnectionError: Connection error.
Traceback (most recent call last):
  File "/home/rj/playground/inclass-FAI_hw/ai_basis/part_3/modules/facade.py", line 45, in <module>
    perform_part_three()
  File "/home/rj/playground/inclass-FAI_hw/ai_basis/part_3/modules/facade.py", line 36, in perform_part_three
    m2(
  File "/home/rj/playground/inclass-FAI_hw/ai_basis/part_3/modules/m2_social_VI_system.py", line 302, in m2
    result = vi_team.execute_design_project(design_task)
             ^^^^^^^^^^^^^^^^^^^^^^^^^^^^^^^^^^^^^^^^^^^
  File "/home/rj/playground/inclass-FAI_hw/ai_basis/part_3/modules/m2_social_VI_system.py", line 271, in execute_design_project
    completed_task = self.workforce.process_task(task)  
                     ^^^^^^^^^^^^^^^^^^^^^^^^^^^^^^^^^
  File "/home/rj/.conda/envs/Camel/lib/python3.12/site-packages/camel/societies/workforce/utils.py", line 69, in wrapper
    return func(self, *args, **kwargs)
           ^^^^^^^^^^^^^^^^^^^^^^^^^^^
  File "/home/rj/.conda/envs/Camel/lib/python3.12/site-packages/camel/societies/workforce/workforce.py", line 176, in process_task
    asyncio.run(self.start())
  File "/home/rj/.conda/envs/Camel/lib/python3.12/asyncio/runners.py", line 195, in run
    return runner.run(main)
           ^^^^^^^^^^^^^^^^
  File "/home/rj/.conda/envs/Camel/lib/python3.12/asyncio/runners.py", line 118, in run
    return self._loop.run_until_complete(task)
           ^^^^^^^^^^^^^^^^^^^^^^^^^^^^^^^^^^^
  File "/home/rj/.conda/envs/Camel/lib/python3.12/asyncio/base_events.py", line 691, in run_until_complete
    return future.result()
           ^^^^^^^^^^^^^^^
  File "/home/rj/.conda/envs/Camel/lib/python3.12/site-packages/camel/societies/workforce/workforce.py", line 492, in start
    await self._listen_to_channel()
  File "/home/rj/.conda/envs/Camel/lib/python3.12/site-packages/camel/societies/workforce/workforce.py", line 467, in _listen_to_channel
    halt = await self._handle_failed_task(returned_task)
           ^^^^^^^^^^^^^^^^^^^^^^^^^^^^^^^^^^^^^^^^^^^^^
  File "/home/rj/.conda/envs/Camel/lib/python3.12/site-packages/camel/societies/workforce/workforce.py", line 439, in _handle_failed_task
    subtasks = self._decompose_task(task)
               ^^^^^^^^^^^^^^^^^^^^^^^^^^
  File "/home/rj/.conda/envs/Camel/lib/python3.12/site-packages/camel/societies/workforce/workforce.py", line 147, in _decompose_task
    subtasks = task.decompose(self.task_agent, decompose_prompt)
               ^^^^^^^^^^^^^^^^^^^^^^^^^^^^^^^^^^^^^^^^^^^^^^^^^
  File "/home/rj/.conda/envs/Camel/lib/python3.12/site-packages/camel/tasks/task.py", line 241, in decompose
    response = agent.step(msg)
               ^^^^^^^^^^^^^^^
  File "/home/rj/.conda/envs/Camel/lib/python3.12/site-packages/camel/agents/chat_agent.py", line 769, in step
    response = self._get_model_response(
               ^^^^^^^^^^^^^^^^^^^^^^^^^
  File "/home/rj/.conda/envs/Camel/lib/python3.12/site-packages/camel/agents/chat_agent.py", line 983, in _get_model_response
    raise ModelProcessingError(
camel.models.model_manager.ModelProcessingError: Unable to process messages: the only provided model did not run successfully. Error: Connection error.
rj@RiJoshin ~/p/i/ai_basis (LJX) [1]>                                                                                                                             (Camel) 